2025-11-09 12:07:45,247 WARN received SIGQUIT indicating exit request
2025-11-09 12:07:45,248 INFO waiting for php-fpm, dev-worker_00 to die
2025-11-09 12:07:45,258 INFO stopped: dev-worker_00 (exit status 0)
2025-11-09 12:07:47,191 INFO supervisord started with pid 1
2025-11-09 12:07:48,194 INFO spawned: 'php-fpm' with pid 7
2025-11-09 12:07:48,195 INFO spawned: 'laravel-scheduler' with pid 8
2025-11-09 12:07:48,197 INFO spawned: 'dev-worker_00' with pid 9
2025-11-09 12:07:49,219 INFO success: php-fpm entered RUNNING state, process has stayed up for > than 1 seconds (startsecs)
2025-11-09 12:07:49,219 INFO success: laravel-scheduler entered RUNNING state, process has stayed up for > than 1 seconds (startsecs)
2025-11-09 12:07:49,219 INFO success: dev-worker_00 entered RUNNING state, process has stayed up for > than 1 seconds (startsecs)
2025-11-14 10:28:33,265 INFO exited: dev-worker_00 (exit status 0; expected)
2025-11-14 10:28:34,307 INFO spawned: 'dev-worker_00' with pid 496
2025-11-14 10:28:35,310 INFO success: dev-worker_00 entered RUNNING state, process has stayed up for > than 1 seconds (startsecs)
2025-11-14 11:28:34,444 INFO exited: dev-worker_00 (exit status 0; expected)
2025-11-14 11:28:35,462 INFO spawned: 'dev-worker_00' with pid 981
2025-11-14 11:28:36,463 INFO success: dev-worker_00 entered RUNNING state, process has stayed up for > than 1 seconds (startsecs)
2025-11-14 12:28:34,251 INFO exited: dev-worker_00 (exit status 0; expected)
2025-11-14 12:28:35,267 INFO spawned: 'dev-worker_00' with pid 1469
2025-11-14 12:28:36,268 INFO success: dev-worker_00 entered RUNNING state, process has stayed up for > than 1 seconds (startsecs)
2025-11-14 13:28:33,139 INFO exited: dev-worker_00 (exit status 0; expected)
2025-11-14 13:28:34,157 INFO spawned: 'dev-worker_00' with pid 1954
2025-11-14 13:28:35,159 INFO success: dev-worker_00 entered RUNNING state, process has stayed up for > than 1 seconds (startsecs)
2025-11-16 10:36:19,050 INFO supervisord started with pid 1
2025-11-16 10:36:20,054 INFO spawned: 'php-fpm' with pid 7
2025-11-16 10:36:20,063 INFO spawned: 'laravel-scheduler' with pid 8
2025-11-16 10:36:20,065 INFO spawned: 'dev-worker_00' with pid 9
2025-11-16 10:36:21,067 INFO success: php-fpm entered RUNNING state, process has stayed up for > than 1 seconds (startsecs)
2025-11-16 10:36:21,067 INFO success: laravel-scheduler entered RUNNING state, process has stayed up for > than 1 seconds (startsecs)
2025-11-16 10:36:21,067 INFO success: dev-worker_00 entered RUNNING state, process has stayed up for > than 1 seconds (startsecs)
2025-11-16 10:36:24,710 WARN exited: dev-worker_00 (exit status 1; not expected)
2025-11-16 10:36:25,716 INFO spawned: 'dev-worker_00' with pid 20
2025-11-16 10:36:26,718 INFO success: dev-worker_00 entered RUNNING state, process has stayed up for > than 1 seconds (startsecs)
2025-11-16 10:36:34,745 WARN received SIGQUIT indicating exit request
2025-11-16 10:36:34,746 INFO waiting for php-fpm, laravel-scheduler, dev-worker_00 to die
2025-11-16 10:36:34,752 INFO stopped: dev-worker_00 (exit status 0)
2025-11-16 10:36:34,753 WARN stopped: laravel-scheduler (terminated by SIGTERM)
2025-11-16 10:36:34,756 INFO stopped: php-fpm (exit status 0)
2025-11-16 10:36:39,584 INFO supervisord started with pid 1
2025-11-16 10:36:40,587 INFO spawned: 'php-fpm' with pid 7
2025-11-16 10:36:40,589 INFO spawned: 'laravel-scheduler' with pid 8
2025-11-16 10:36:40,591 INFO spawned: 'dev-worker_00' with pid 9
2025-11-16 10:36:40,733 WARN exited: dev-worker_00 (exit status 1; not expected)
2025-11-16 10:36:41,736 INFO success: php-fpm entered RUNNING state, process has stayed up for > than 1 seconds (startsecs)
2025-11-16 10:36:41,736 INFO success: laravel-scheduler entered RUNNING state, process has stayed up for > than 1 seconds (startsecs)
2025-11-16 10:36:41,737 INFO spawned: 'dev-worker_00' with pid 20
2025-11-16 10:36:42,739 INFO success: dev-worker_00 entered RUNNING state, process has stayed up for > than 1 seconds (startsecs)
2025-11-16 11:32:03,159 INFO exited: dev-worker_00 (exit status 0; expected)
2025-11-16 11:32:01,604 INFO spawned: 'dev-worker_00' with pid 481
2025-11-16 11:32:02,608 INFO success: dev-worker_00 entered RUNNING state, process has stayed up for > than 1 seconds (startsecs)
2025-11-16 11:58:30,571 WARN received SIGQUIT indicating exit request
2025-11-16 11:58:30,574 INFO waiting for php-fpm, laravel-scheduler, dev-worker_00 to die
2025-11-16 11:58:30,583 INFO stopped: dev-worker_00 (exit status 0)
2025-11-16 11:58:30,595 WARN stopped: laravel-scheduler (terminated by SIGTERM)
2025-11-16 11:58:30,663 INFO stopped: php-fpm (exit status 0)
2025-11-16 12:03:37,796 INFO supervisord started with pid 1
2025-11-16 12:03:38,800 INFO spawned: 'php-fpm' with pid 7
2025-11-16 12:03:38,801 INFO spawned: 'laravel-scheduler' with pid 8
2025-11-16 12:03:38,803 INFO spawned: 'dev-worker_00' with pid 9
2025-11-16 12:03:39,848 INFO success: php-fpm entered RUNNING state, process has stayed up for > than 1 seconds (startsecs)
2025-11-16 12:03:39,848 INFO success: laravel-scheduler entered RUNNING state, process has stayed up for > than 1 seconds (startsecs)
2025-11-16 12:03:39,848 INFO success: dev-worker_00 entered RUNNING state, process has stayed up for > than 1 seconds (startsecs)
2025-11-16 12:03:40,945 WARN exited: dev-worker_00 (exit status 1; not expected)
2025-11-16 12:03:41,954 INFO spawned: 'dev-worker_00' with pid 20
2025-11-16 12:03:42,094 WARN exited: dev-worker_00 (exit status 1; not expected)
2025-11-16 12:03:43,097 INFO spawned: 'dev-worker_00' with pid 25
2025-11-16 12:03:44,099 INFO success: dev-worker_00 entered RUNNING state, process has stayed up for > than 1 seconds (startsecs)
2025-11-16 14:22:22,663 INFO exited: dev-worker_00 (exit status 0; expected)
2025-11-16 14:22:23,684 INFO spawned: 'dev-worker_00' with pid 482
2025-11-16 14:22:24,686 INFO success: dev-worker_00 entered RUNNING state, process has stayed up for > than 1 seconds (startsecs)
2025-11-16 15:17:00,130 INFO exited: dev-worker_00 (exit status 0; expected)
2025-11-16 15:17:01,147 INFO spawned: 'dev-worker_00' with pid 947
2025-11-16 15:17:02,154 INFO success: dev-worker_00 entered RUNNING state, process has stayed up for > than 1 seconds (startsecs)
2025-11-16 16:11:36,222 INFO exited: dev-worker_00 (exit status 0; expected)
2025-11-16 16:11:37,237 INFO spawned: 'dev-worker_00' with pid 1412
2025-11-16 16:11:38,241 INFO success: dev-worker_00 entered RUNNING state, process has stayed up for > than 1 seconds (startsecs)
2025-11-16 21:30:22,009 INFO exited: dev-worker_00 (exit status 0; expected)
2025-11-16 21:30:23,034 INFO spawned: 'dev-worker_00' with pid 1869
2025-11-16 21:30:24,036 INFO success: dev-worker_00 entered RUNNING state, process has stayed up for > than 1 seconds (startsecs)
2025-11-16 22:25:22,158 INFO exited: dev-worker_00 (exit status 0; expected)
2025-11-16 22:25:23,177 INFO spawned: 'dev-worker_00' with pid 2334
2025-11-16 22:25:24,180 INFO success: dev-worker_00 entered RUNNING state, process has stayed up for > than 1 seconds (startsecs)
2025-11-17 11:36:16,158 INFO exited: dev-worker_00 (exit status 0; expected)
2025-11-17 11:36:17,203 INFO spawned: 'dev-worker_00' with pid 2799
2025-11-17 11:36:18,207 INFO success: dev-worker_00 entered RUNNING state, process has stayed up for > than 1 seconds (startsecs)
2025-11-17 12:31:15,632 INFO exited: dev-worker_00 (exit status 0; expected)
2025-11-17 12:31:16,654 INFO spawned: 'dev-worker_00' with pid 3268
2025-11-17 12:31:17,656 INFO success: dev-worker_00 entered RUNNING state, process has stayed up for > than 1 seconds (startsecs)
2025-11-17 14:52:58,498 INFO exited: dev-worker_00 (exit status 0; expected)
2025-11-17 14:52:59,553 INFO spawned: 'dev-worker_00' with pid 3742
2025-11-17 14:53:00,557 INFO success: dev-worker_00 entered RUNNING state, process has stayed up for > than 1 seconds (startsecs)
2025-11-17 15:48:18,275 INFO exited: dev-worker_00 (exit status 0; expected)
2025-11-17 15:48:19,287 INFO spawned: 'dev-worker_00' with pid 4260
2025-11-17 15:48:20,289 INFO success: dev-worker_00 entered RUNNING state, process has stayed up for > than 1 seconds (startsecs)
2025-11-18 09:04:03,216 INFO exited: dev-worker_00 (exit status 0; expected)
2025-11-18 09:04:04,261 INFO spawned: 'dev-worker_00' with pid 4737
2025-11-18 09:04:05,267 INFO success: dev-worker_00 entered RUNNING state, process has stayed up for > than 1 seconds (startsecs)
2025-11-18 09:59:03,555 INFO exited: dev-worker_00 (exit status 0; expected)
2025-11-18 09:59:04,584 INFO spawned: 'dev-worker_00' with pid 5260
2025-11-18 09:59:04,058 INFO success: dev-worker_00 entered RUNNING state, process has stayed up for > than 1 seconds (startsecs)
2025-11-18 10:54:01,935 INFO exited: dev-worker_00 (exit status 0; expected)
2025-11-18 10:54:02,953 INFO spawned: 'dev-worker_00' with pid 5760
2025-11-18 10:54:03,961 INFO success: dev-worker_00 entered RUNNING state, process has stayed up for > than 1 seconds (startsecs)
2025-11-18 12:02:13,017 INFO exited: dev-worker_00 (exit status 0; expected)
2025-11-18 12:02:14,059 INFO spawned: 'dev-worker_00' with pid 6326
2025-11-18 12:02:15,062 INFO success: dev-worker_00 entered RUNNING state, process has stayed up for > than 1 seconds (startsecs)
2025-11-18 12:57:14,582 INFO exited: dev-worker_00 (exit status 0; expected)
2025-11-18 12:57:15,607 INFO spawned: 'dev-worker_00' with pid 6835
2025-11-18 12:57:16,615 INFO success: dev-worker_00 entered RUNNING state, process has stayed up for > than 1 seconds (startsecs)
2025-11-18 13:52:29,008 INFO exited: dev-worker_00 (exit status 0; expected)
2025-11-18 13:52:30,025 INFO spawned: 'dev-worker_00' with pid 7426
2025-11-18 13:52:31,029 INFO success: dev-worker_00 entered RUNNING state, process has stayed up for > than 1 seconds (startsecs)
2025-11-18 14:50:29,062 INFO exited: dev-worker_00 (exit status 0; expected)
2025-11-18 14:50:30,074 INFO spawned: 'dev-worker_00' with pid 7997
2025-11-18 14:50:31,077 INFO success: dev-worker_00 entered RUNNING state, process has stayed up for > than 1 seconds (startsecs)
2025-11-18 15:45:42,430 INFO exited: dev-worker_00 (exit status 0; expected)
2025-11-18 15:45:43,454 INFO spawned: 'dev-worker_00' with pid 8515
2025-11-18 15:45:44,464 INFO success: dev-worker_00 entered RUNNING state, process has stayed up for > than 1 seconds (startsecs)
2025-11-19 07:51:58,213 INFO exited: dev-worker_00 (exit status 0; expected)
2025-11-19 07:51:59,285 INFO spawned: 'dev-worker_00' with pid 9037
2025-11-19 07:52:00,313 INFO success: dev-worker_00 entered RUNNING state, process has stayed up for > than 1 seconds (startsecs)
2025-11-19 09:39:25,246 INFO supervisord started with pid 1
2025-11-19 09:39:26,249 INFO spawned: 'php-fpm' with pid 7
2025-11-19 09:39:26,251 INFO spawned: 'laravel-scheduler' with pid 8
2025-11-19 09:39:26,253 INFO spawned: 'dev-worker_00' with pid 9
2025-11-19 09:39:27,399 INFO success: php-fpm entered RUNNING state, process has stayed up for > than 1 seconds (startsecs)
2025-11-19 09:39:27,399 INFO success: laravel-scheduler entered RUNNING state, process has stayed up for > than 1 seconds (startsecs)
2025-11-19 09:39:27,400 INFO success: dev-worker_00 entered RUNNING state, process has stayed up for > than 1 seconds (startsecs)
2025-11-19 10:35:04,131 INFO exited: dev-worker_00 (exit status 0; expected)
2025-11-19 10:35:05,157 INFO spawned: 'dev-worker_00' with pid 555
2025-11-19 10:35:06,159 INFO success: dev-worker_00 entered RUNNING state, process has stayed up for > than 1 seconds (startsecs)
2025-11-19 11:30:29,903 INFO exited: dev-worker_00 (exit status 0; expected)
2025-11-19 11:30:30,930 INFO spawned: 'dev-worker_00' with pid 1079
2025-11-19 11:30:31,283 WARN exited: dev-worker_00 (exit status 1; not expected)
2025-11-19 11:30:30,984 INFO spawned: 'dev-worker_00' with pid 1083
2025-11-19 11:30:31,272 WARN exited: dev-worker_00 (exit status 1; not expected)
2025-11-19 11:30:33,279 INFO spawned: 'dev-worker_00' with pid 1087
2025-11-19 11:30:33,565 WARN exited: dev-worker_00 (exit status 1; not expected)
2025-11-19 11:30:36,570 INFO spawned: 'dev-worker_00' with pid 1091
2025-11-19 11:30:36,861 WARN exited: dev-worker_00 (exit status 1; not expected)
2025-11-19 11:30:37,863 INFO gave up: dev-worker_00 entered FATAL state, too many start retries too quickly
2025-11-19 11:43:47,503 WARN received SIGQUIT indicating exit request
2025-11-19 11:43:47,506 INFO waiting for php-fpm, laravel-scheduler to die
2025-11-19 11:44:01,612 INFO supervisord started with pid 1
2025-11-19 11:44:02,615 INFO spawned: 'php-fpm' with pid 8
2025-11-19 11:44:02,617 INFO spawned: 'laravel-scheduler' with pid 9
2025-11-19 11:44:02,619 INFO spawned: 'dev-worker_00' with pid 10
2025-11-19 11:44:02,934 WARN exited: dev-worker_00 (exit status 1; not expected)
2025-11-19 11:44:03,942 INFO success: php-fpm entered RUNNING state, process has stayed up for > than 1 seconds (startsecs)
2025-11-19 11:44:03,943 INFO success: laravel-scheduler entered RUNNING state, process has stayed up for > than 1 seconds (startsecs)
2025-11-19 11:44:03,944 INFO spawned: 'dev-worker_00' with pid 21
2025-11-19 11:44:04,228 WARN exited: dev-worker_00 (exit status 1; not expected)
2025-11-19 11:44:06,235 INFO spawned: 'dev-worker_00' with pid 25
2025-11-19 11:44:06,532 WARN exited: dev-worker_00 (exit status 1; not expected)
2025-11-19 11:44:09,542 INFO spawned: 'dev-worker_00' with pid 29
2025-11-19 11:44:09,832 WARN exited: dev-worker_00 (exit status 1; not expected)
2025-11-19 11:44:10,834 INFO gave up: dev-worker_00 entered FATAL state, too many start retries too quickly
